number,value,datetime_start,datetime_complete,duration,params_actor_lr,params_critic_lr,params_gamma,params_global_critic_weight,params_gumbel_tau,params_hidden_dim,params_tau,user_attrs_avg_power_norm,user_attrs_avg_tx_power_dbm,user_attrs_composite_score,user_attrs_coverage_outage_rate,user_attrs_diverged,user_attrs_diverged_seed1001,user_attrs_diverged_seed1002,user_attrs_diverged_seed1003,user_attrs_divergence_at_env_step,user_attrs_divergence_at_grad_update,user_attrs_divergence_kind,user_attrs_divergence_pseudo_episode,user_attrs_divergence_reason,user_attrs_divergence_rule,user_attrs_divergence_seed,user_attrs_max_cbr,user_attrs_mean_aoi,user_attrs_mean_cbr,user_attrs_mean_error,user_attrs_n_diverged_seeds,user_attrs_n_failed_seeds,user_attrs_n_grad_updates_seed1001,user_attrs_n_grad_updates_seed1002,user_attrs_n_grad_updates_seed1003,user_attrs_n_observations,user_attrs_n_observations_seed1001,user_attrs_n_observations_seed1002,user_attrs_n_observations_seed1003,user_attrs_n_searched_hparams,user_attrs_n_update_failures,user_attrs_obj_term_aoi,user_attrs_obj_term_error,user_attrs_obj_term_loss,user_attrs_obj_term_power,user_attrs_obj_terms_sum,user_attrs_outage_metric,user_attrs_outage_rate,user_attrs_packet_loss_rate,user_attrs_searched_hparam_keys,user_attrs_steps_completed_seed1001,user_attrs_steps_completed_seed1002,user_attrs_steps_completed_seed1003,user_attrs_tx_abandoned,user_attrs_tx_attempts,user_attrs_tx_attempts_seed1001,user_attrs_tx_attempts_seed1002,user_attrs_tx_attempts_seed1003,user_attrs_w1,user_attrs_w2,user_attrs_w3,user_attrs_w4,state,w1,w2,w3,w4
0,12.030439999999999,2026-09-08 00:10:24.658159,2026-09-08 00:55:50.515226,0 days 00:45:25.857067,0.0007661100707771367,0.0001700037298921101,0.9562397808134481,0.7929409166199481,1.4016725176148133,128,0.0011900590783184247,0.3447,14.4814,12.030439999999999,0.2624,False,False,False,False,-1,-1,,-1,,,-1,0.1359,3.9195,0.0662,9.0821,0,0,7974,7974,7974,596022.0,616033,609667,562366,7,0,1.959767,9.082133,0.9196,0.06894,12.03044,coverage_outage_rate,0.2624,0.4598,"actor_lr,critic_lr,gamma,global_critic_weight,gumbel_tau,hidden_dim,tau",4000,4000,4000,743.6667,236355.6667,239685,267317,202065,0.5,0.2,0.2,0.1,COMPLETE,0.5,0.2,0.2,0.1
1,8.898620000000001,2026-09-08 00:55:50.515285,2026-09-08 01:39:51.787959,0 days 00:44:01.272674,0.0016967533607196547,0.00020589728197687926,0.957272998688284,0.3433937943676302,1.2871346474483567,256,0.0017322667470546255,0.0396,10.5152,8.898620000000001,0.2624,False,False,False,False,-1,-1,,-1,,,-1,0.1411,2.5468,0.0767,6.5894,0,0,7976,7976,7976,596022.0,616033,609667,562366,7,0,1.2734,6.589367,1.027933,0.00792,8.89862,coverage_outage_rate,0.2624,0.514,"actor_lr,critic_lr,gamma,global_critic_weight,gumbel_tau,hidden_dim,tau",4000,4000,4000,1695.6667,273748.3333,258167,292722,270356,0.5,0.2,0.2,0.1,COMPLETE,0.5,0.2,0.2,0.1
2,25.851813333333336,2026-09-08 01:39:51.788013,2026-09-08 02:15:43.027459,0 days 00:35:51.239446,0.000160712385120399,0.00027010527749605503,0.9646544737317476,0.728140769114411,0.7995106732375397,256,0.003920673972242136,0.2532,13.292,25.851813333333336,0.2624,False,False,False,False,-1,-1,,-1,,,-1,0.1019,9.2067,0.0247,20.4634,0,0,7980,7972,7972,596022.0,616033,609667,562366,7,0,4.603333,20.463367,0.734467,0.050647,25.851813,coverage_outage_rate,0.2624,0.3672,"actor_lr,critic_lr,gamma,global_critic_weight,gumbel_tau,hidden_dim,tau",4000,4000,4000,382.3333,88168.3333,78677,30719,155109,0.5,0.2,0.2,0.1,COMPLETE,0.5,0.2,0.2,0.1
3,26.302386666666667,2026-09-08 02:15:43.027513,2026-09-08 03:01:19.189706,0 days 00:45:36.162193,0.0007896186801026692,0.0001786013788939711,0.9526020637194111,0.8725056264596475,1.7125960221746916,128,0.017160445029754806,0.2678,13.4812,26.302386666666667,0.2624,False,False,False,False,-1,-1,,-1,,,-1,0.1344,7.7808,0.0506,21.4282,0,0,7978,7976,7976,596022.0,616033,609667,562366,7,0,3.8904,21.428233,0.9302,0.053553,26.302387,coverage_outage_rate,0.2624,0.4651,"actor_lr,critic_lr,gamma,global_critic_weight,gumbel_tau,hidden_dim,tau",4000,4000,4000,1034.6667,180670.3333,198806,263350,79855,0.5,0.2,0.2,0.1,COMPLETE,0.5,0.2,0.2,0.1
4,16.113743333333336,2026-09-08 03:01:19.189781,2026-09-08 03:34:55.500355,0 days 00:33:36.310574,0.00044684675025045853,0.00015144860262751404,0.9698070764044507,0.8274563216630256,0.8881699724000254,256,0.0011085122517311705,0.0381,10.4958,16.113743333333336,0.2624,False,False,False,False,-1,-1,,-1,,,-1,0.1269,5.5984,0.0489,12.4021,0,0,7972,7976,7976,596022.0,616033,609667,562366,7,0,2.799183,12.402133,0.9048,0.007627,16.113743,coverage_outage_rate,0.2624,0.4524,"actor_lr,critic_lr,gamma,global_critic_weight,gumbel_tau,hidden_dim,tau",4000,4000,4000,902.0,174466.0,217401,103433,202564,0.5,0.2,0.2,0.1,COMPLETE,0.5,0.2,0.2,0.1
5,27.984423333333336,2026-09-08 03:34:55.500406,2026-09-08 03:58:38.728158,0 days 00:23:43.227752,0.000642033033629786,0.00018752209455786411,0.9887833851105823,0.8515991532513513,1.8422410256414732,64,0.010196967939171487,0.04,10.5201,27.984423333333336,0.2624,False,False,False,False,-1,-1,,-1,,,-1,0.1269,9.2117,0.0442,22.4899,0,0,7980,7970,7974,596022.0,616033,609667,562366,7,0,4.60585,22.4899,0.880667,0.008007,27.984423,coverage_outage_rate,0.2624,0.4403,"actor_lr,critic_lr,gamma,global_critic_weight,gumbel_tau,hidden_dim,tau",4000,4000,4000,841.0,157553.3333,161863,251376,59421,0.5,0.2,0.2,0.1,COMPLETE,0.5,0.2,0.2,0.1
6,17.411856666666665,2026-09-08 03:58:38.728211,2026-09-08 04:25:25.739294,0 days 00:26:47.011083,0.0001947558230629544,0.00011662890273931399,0.9630132132305306,0.3170792254191167,1.743106263727894,128,0.003203913722293046,0.5642,17.3348,17.411856666666665,0.2624,False,False,False,False,-1,-1,,-1,,,-1,0.1258,5.5378,0.0519,13.7801,0,0,7982,7974,7976,596022.0,616033,609667,562366,7,0,2.768917,13.7801,0.75,0.11284,17.411857,coverage_outage_rate,0.2624,0.375,"actor_lr,critic_lr,gamma,global_critic_weight,gumbel_tau,hidden_dim,tau",4000,4000,4000,318.0,185190.6667,188283,175702,191587,0.5,0.2,0.2,0.1,COMPLETE,0.5,0.2,0.2,0.1
7,19.048176666666663,2026-09-08 04:25:25.739349,2026-09-08 04:50:54.270395,0 days 00:25:28.531046,0.00016149614799999194,0.0015308837415731389,0.9529820257471908,0.717795815437326,0.7980735223012586,256,0.01922956707454338,0.1061,11.3798,19.048176666666663,0.2624,False,False,False,False,-1,-1,,-1,,,-1,0.0396,8.2254,0.0032,14.4472,0,0,7972,7980,7978,596022.0,616033,609667,562366,7,0,4.112683,14.4472,0.467067,0.021227,19.048177,coverage_outage_rate,0.2624,0.2335,"actor_lr,critic_lr,gamma,global_critic_weight,gumbel_tau,hidden_dim,tau",4000,4000,4000,38.0,11487.3333,11886,13009,9567,0.5,0.2,0.2,0.1,COMPLETE,0.5,0.2,0.2,0.1
8,21.832396666666664,2026-09-08 04:50:54.270449,2026-09-08 05:16:04.122799,0 days 00:25:09.852350,0.001193526270851053,0.0013780336485752,0.9529617860693635,0.1926952476201038,1.7946551388133902,128,0.002926676128549072,0.0672,10.8738,21.832396666666664,0.2624,False,False,False,False,-1,-1,,-1,,,-1,0.0567,8.967,0.0053,16.7531,0,0,7968,7980,7966,596022.0,616033,609667,562366,7,0,4.483483,16.753133,0.582333,0.013447,21.832397,coverage_outage_rate,0.2624,0.2912,"actor_lr,critic_lr,gamma,global_critic_weight,gumbel_tau,hidden_dim,tau",4000,4000,4000,52.6667,18803.6667,17063,19025,20323,0.5,0.2,0.2,0.1,COMPLETE,0.5,0.2,0.2,0.1
9,18.82999,2026-09-08 05:16:04.122852,2026-09-08 05:37:50.614117,0 days 00:21:46.491265,0.0002879775265707035,0.0003022283475646735,0.9791842471335226,0.8097701940610612,1.2083223877429239,64,0.006752761235642017,0.3432,14.4619,18.82999,0.2624,False,False,False,False,-1,-1,,-1,,,-1,0.1363,5.9405,0.054,14.8796,0,0,7978,7978,7976,596022.0,616033,609667,562366,7,0,2.97025,14.879633,0.911467,0.06864,18.82999,coverage_outage_rate,0.2624,0.4557,"actor_lr,critic_lr,gamma,global_critic_weight,gumbel_tau,hidden_dim,tau",4000,4000,4000,740.6667,192653.3333,198094,171432,208434,0.5,0.2,0.2,0.1,COMPLETE,0.5,0.2,0.2,0.1
10,13.338563333333335,2026-09-08 05:37:50.614172,2026-09-08 06:00:46.199823,0 days 00:22:55.585651,0.0023637119737615754,0.0006947130575931085,0.9768507545927086,0.48418054910133834,0.5233921994876842,256,0.0018379757964248917,0.0604,10.7852,13.338563333333335,0.2624,False,False,False,False,-1,-1,,-1,,,-1,0.1221,4.7804,0.0555,10.0147,0,0,7982,7974,7976,596022.0,616033,609667,562366,7,0,2.390217,10.014733,0.921533,0.01208,13.338563,coverage_outage_rate,0.2624,0.4608,"actor_lr,critic_lr,gamma,global_critic_weight,gumbel_tau,hidden_dim,tau",4000,4000,4000,1096.0,197863.3333,265672,51333,276585,0.5,0.2,0.2,0.1,COMPLETE,0.5,0.2,0.2,0.1
11,15.18508,2026-09-08 06:00:46.199873,2026-09-08 06:20:55.579652,0 days 00:20:09.379779,0.002002606062294188,0.0005608338145080542,0.9610649567266907,0.4940712901534755,1.3457551946746105,128,0.0010166969637579034,0.3522,14.5792,15.18508,0.2624,False,False,False,False,-1,-1,,-1,,,-1,0.115,5.7318,0.0448,11.4305,0,0,7982,7974,7982,596022.0,616033,609667,562366,7,0,2.8659,11.430467,0.818267,0.070447,15.18508,coverage_outage_rate,0.2624,0.4091,"actor_lr,critic_lr,gamma,global_critic_weight,gumbel_tau,hidden_dim,tau",4000,4000,4000,421.3333,159714.3333,247080,194041,38022,0.5,0.2,0.2,0.1,COMPLETE,0.5,0.2,0.2,0.1
12,18.844106666666665,2026-09-08 06:20:55.579703,2026-09-08 06:41:56.298269,0 days 00:21:00.718566,0.001302280528485085,0.0003395043583660775,0.9587141433534535,0.27149730847904857,1.4163831999097953,256,0.0019090142186974763,0.2149,12.7935,18.844106666666665,0.2624,False,False,False,False,-1,-1,,-1,,,-1,0.1057,7.4069,0.0253,14.316,0,0,7978,7978,7972,596022.0,616033,609667,562366,7,0,3.703433,14.316033,0.781667,0.042973,18.844107,coverage_outage_rate,0.2624,0.3908,"actor_lr,critic_lr,gamma,global_critic_weight,gumbel_tau,hidden_dim,tau",4000,4000,4000,394.3333,90464.3333,163664,72416,35313,0.5,0.2,0.2,0.1,COMPLETE,0.5,0.2,0.2,0.1
13,12.842776666666666,2026-09-08 06:41:56.298322,2026-09-08 07:03:23.172550,0 days 00:21:26.874228,0.001120757661954606,0.00011479737674102843,0.9567403364294307,0.3703326111998531,1.1362497354081165,128,0.0019249288131958063,0.3448,14.4825,12.842776666666666,0.2624,False,False,False,False,-1,-1,,-1,,,-1,0.1348,3.9608,0.0664,9.8904,0,0,7976,7976,7976,596022.0,616033,609667,562366,7,0,1.980417,9.8904,0.903,0.06896,12.842777,coverage_outage_rate,0.2624,0.4515,"actor_lr,critic_lr,gamma,global_critic_weight,gumbel_tau,hidden_dim,tau",4000,4000,4000,793.3333,237090.0,246986,259094,205190,0.5,0.2,0.2,0.1,COMPLETE,0.5,0.2,0.2,0.1
14,24.235989999999997,2026-09-08 07:03:23.172601,2026-09-08 07:20:30.692150,0 days 00:17:07.519549,0.002744111337565067,0.0029935016322417476,0.9676735140332732,0.6307251428895859,1.532344267925299,64,0.0014880337381138837,0.0519,10.6741,24.235989999999997,0.2624,False,False,False,False,-1,-1,,-1,,,-1,0.0803,9.4974,0.0144,18.8422,0,0,7976,7980,7972,596022.0,616033,609667,562366,7,0,4.748717,18.842233,0.634667,0.010373,24.23599,coverage_outage_rate,0.2624,0.3173,"actor_lr,critic_lr,gamma,global_critic_weight,gumbel_tau,hidden_dim,tau",4000,4000,4000,155.0,51366.3333,26221,84775,43103,0.5,0.2,0.2,0.1,COMPLETE,0.5,0.2,0.2,0.1
