[I 2026-08-07 15:28:03,706] A new study created in memory with name: no-name-dd55dd86-1f40-48ea-a3c3-3541352c334e
Success.
Success.
[I 2026-08-07 15:28:08,011] Trial 0 finished with value: -784.0263494067759 and parameters: {'lr': 0.0012901069254047102, 'gamma': 0.9853075633432752, 'tau': 0.02277339906003473, 'batch_size': 64, 'epsilon_decay': 0.9986525155681654}. Best is trial 0 with value: -784.0263494067759.
Success.
Success.
[I 2026-08-07 15:28:11,017] Trial 1 finished with value: -786.1063323545061 and parameters: {'lr': 0.0012129501977752924, 'gamma': 0.9652020853011202, 'tau': 0.03720652115092567, 'batch_size': 64, 'epsilon_decay': 0.9943375519362165}. Best is trial 0 with value: -784.0263494067759.
Success.
Success.
[I 2026-08-07 15:28:14,283] Trial 2 finished with value: -781.3667710717333 and parameters: {'lr': 0.0017315394824681503, 'gamma': 0.9014475056574381, 'tau': 0.04694848081525147, 'batch_size': 32, 'epsilon_decay': 0.9946865971657747}. Best is trial 2 with value: -781.3667710717333.
Success.
Success.
[I 2026-08-07 15:28:17,425] Trial 3 finished with value: -784.3652544735531 and parameters: {'lr': 0.0027056076662409687, 'gamma': 0.9497023006108811, 'tau': 0.0047476937275575185, 'batch_size': 32, 'epsilon_decay': 0.9955756788625003}. Best is trial 2 with value: -781.3667710717333.
Success.
Success.
[I 2026-08-07 15:28:20,527] Trial 4 finished with value: -785.265305668617 and parameters: {'lr': 0.000158511954668995, 'gamma': 0.9464492947836776, 'tau': 0.014483994077718994, 'batch_size': 32, 'epsilon_decay': 0.9950753126741083}. Best is trial 2 with value: -781.3667710717333.
Success.
Success.
Success.
Success.
Success.
Success.
 Retrying in 1 seconds
 Retrying in 1 seconds
 Retrying in 1 seconds
 Retrying in 1 seconds
 Retrying in 1 seconds
 Retrying in 1 seconds
 Retrying in 1 seconds
 Retrying in 1 seconds
 Retrying in 1 seconds
 Retrying in 1 seconds
Best params: {'lr': 0.0017315394824681503, 'gamma': 0.9014475056574381, 'tau': 0.04694848081525147, 'batch_size': 32, 'epsilon_decay': 0.9946865971657747}
 Retrying in 1 seconds
Episode 1 | Reward: -1544.55 | Loss: 0.1657
Metrics -> AoI: 531.045, CBR: 0.010, PDR: 100.000
 Retrying in 1 seconds
Episode 2 | Reward: -1500.50 | Loss: 0.0214
Metrics -> AoI: 526.318, CBR: 0.008, PDR: 100.000
 Retrying in 1 seconds
Episode 3 | Reward: -1279.08 | Loss: 0.0423
Metrics -> AoI: 425.534, CBR: 0.005, PDR: 100.000
 Retrying in 1 seconds
Episode 4 | Reward: -373.41 | Loss: 0.0226
Metrics -> AoI: 0.000, CBR: 0.008, PDR: 100.000
 Retrying in 1 seconds
Episode 5 | Reward: -583.89 | Loss: 0.0135
Metrics -> AoI: 197.819, CBR: 0.005, PDR: 100.000
Model saved.
 Retrying in 1 seconds
EVAL -> PDR: 100.000, CBR: 0.015, AoI: 2289.724
