[I 2026-08-07 15:28:15,778] A new study created in memory with name: no-name-3f834663-af1f-4d6d-b887-8e2f0e5ba81d
Success.
Success.
[I 2026-08-07 15:28:23,756] Trial 0 finished with value: -826.3970972462004 and parameters: {'lr': 8.012564311807473e-05, 'gamma': 0.9219906039885117, 'batch_size': 64}. Best is trial 0 with value: -826.3970972462004.
Success.
Success.
[I 2026-08-07 15:28:30,912] Trial 1 finished with value: -829.6621377443709 and parameters: {'lr': 0.0020211168765248873, 'gamma': 0.9886837897366967, 'batch_size': 64}. Best is trial 0 with value: -826.3970972462004.
Success.
Success.
[I 2026-08-07 15:28:37,880] Trial 2 finished with value: -823.2504363557234 and parameters: {'lr': 0.00012375213873879403, 'gamma': 0.9593239618574415, 'batch_size': 32}. Best is trial 2 with value: -823.2504363557234.
Success.
Success.
[I 2026-08-07 15:28:44,532] Trial 3 finished with value: -827.6262052711121 and parameters: {'lr': 0.00012664294230055028, 'gamma': 0.9058050225630166, 'batch_size': 32}. Best is trial 2 with value: -823.2504363557234.
Success.
Success.
[I 2026-08-07 15:28:51,073] Trial 4 finished with value: -827.3702194977011 and parameters: {'lr': 0.0002497215959880963, 'gamma': 0.9309785366421697, 'batch_size': 64}. Best is trial 2 with value: -823.2504363557234.
Success.
Success.
Success.
Success.
Success.
Success.
 Retrying in 1 seconds
 Retrying in 1 seconds
 Retrying in 1 seconds
 Retrying in 1 seconds
 Retrying in 1 seconds
 Retrying in 1 seconds
 Retrying in 1 seconds
 Retrying in 1 seconds
 Retrying in 1 seconds
 Retrying in 1 seconds
Best Params found: {'lr': 0.00012375213873879403, 'gamma': 0.9593239618574415, 'batch_size': 32}
Training final model with best params: {'lr': 0.00012375213873879403, 'gamma': 0.9593239618574415, 'batch_size': 32}
Starting Episode 1/5...
 Retrying in 1 seconds
Episode 1 | Reward: -945.05
Metrics -> AoI: 562.591, CBR: 0.007, PDR: 100.000
Starting Episode 2/5...
 Retrying in 1 seconds
Episode 2 | Reward: -2190.39
Metrics -> AoI: 272.367, CBR: 0.013, PDR: 100.000
Starting Episode 3/5...
 Retrying in 1 seconds
Episode 3 | Reward: -1560.65
Metrics -> AoI: 195.778, CBR: 0.011, PDR: 100.000
Starting Episode 4/5...
 Retrying in 1 seconds
Episode 4 | Reward: -2148.19
Metrics -> AoI: 253.047, CBR: 0.015, PDR: 100.000
Starting Episode 5/5...
 Retrying in 1 seconds
Episode 5 | Reward: -840.07
Metrics -> AoI: 198.853, CBR: 0.011, PDR: 100.000
Running final evaluation...
 Retrying in 1 seconds
Training finished, model saved to dt_model.pth
Final Evaluation Metrics:
AoI: 125.9810
CBR: 0.0122
PDR: 100.0000
