[I 2026-08-07 15:28:02,659] A new study created in memory with name: no-name-1e4dd1fd-4c95-4b09-bd5b-32522904ee3c
Success.
Success.
[I 2026-08-07 15:28:09,118] Trial 0 finished with value: -784.9270050167146 and parameters: {'lr': 0.0010503401054816636, 'gamma': 0.9466394813145859, 'alpha': 0.15695682103716693, 'tau': 0.0466269030031946, 'batch_size': 64}. Best is trial 0 with value: -784.9270050167146.
Success.
Success.
[I 2026-08-07 15:28:13,549] Trial 1 finished with value: -785.6257369421548 and parameters: {'lr': 0.00115917592743836, 'gamma': 0.9098766171693083, 'alpha': 0.4090984832894614, 'tau': 0.03522448953238096, 'batch_size': 64}. Best is trial 0 with value: -784.9270050167146.
Success.
Success.
[I 2026-08-07 15:28:18,113] Trial 2 finished with value: -783.1267938015145 and parameters: {'lr': 0.004697264170218673, 'gamma': 0.9652839829426204, 'alpha': 0.15112344078011739, 'tau': 0.029620730608136015, 'batch_size': 128}. Best is trial 2 with value: -783.1267938015145.
Success.
Success.
[I 2026-08-07 15:28:23,061] Trial 3 finished with value: -783.5562799596073 and parameters: {'lr': 0.0003195796823325181, 'gamma': 0.9145587752123401, 'alpha': 0.4453094874317113, 'tau': 0.03581108120810506, 'batch_size': 64}. Best is trial 2 with value: -783.1267938015145.
Success.
Success.
[I 2026-08-07 15:28:28,120] Trial 4 finished with value: -783.1011855215365 and parameters: {'lr': 0.0012502531351267449, 'gamma': 0.972893979972902, 'alpha': 0.24897797066319732, 'tau': 0.030348867782829792, 'batch_size': 64}. Best is trial 4 with value: -783.1011855215365.
Success.
Success.
Success.
Success.
Success.
Success.
 Retrying in 1 seconds
 Retrying in 1 seconds
 Retrying in 1 seconds
 Retrying in 1 seconds
 Retrying in 1 seconds
 Retrying in 1 seconds
 Retrying in 1 seconds
 Retrying in 1 seconds
 Retrying in 1 seconds
 Retrying in 1 seconds
Best params: {'lr': 0.0012502531351267449, 'gamma': 0.972893979972902, 'alpha': 0.24897797066319732, 'tau': 0.030348867782829792, 'batch_size': 64}
 Retrying in 1 seconds
Episode 1 | Reward: -1541.64 | Loss (P/Q): -0.7157/0.0498
Metrics -> AoI: 305.402, CBR: 0.011, PDR: 100.000
 Retrying in 1 seconds
Episode 2 | Reward: -1477.06 | Loss (P/Q): -0.8295/0.0064
Metrics -> AoI: 227.170, CBR: 0.011, PDR: 100.000
 Retrying in 1 seconds
Episode 3 | Reward: -1260.97 | Loss (P/Q): -0.9659/0.0259
Metrics -> AoI: 262.716, CBR: 0.007, PDR: 100.000
 Retrying in 1 seconds
Episode 4 | Reward: -378.73 | Loss (P/Q): -1.1312/0.0041
Metrics -> AoI: 0.000, CBR: 0.006, PDR: 100.000
 Retrying in 1 seconds
Episode 5 | Reward: -573.41 | Loss (P/Q): -1.2983/0.0007
Metrics -> AoI: 214.994, CBR: 0.008, PDR: 100.000
Model saved.
 Retrying in 1 seconds
EVAL -> PDR: 100.000, CBR: 0.022, AoI: 591.233
