[I 2026-08-07 15:40:53,486] A new study created in memory with name: no-name-427e21b9-3308-4847-8f2e-1893df4a8c38
Success.
Success.
[I 2026-08-07 15:40:59,820] Trial 0 finished with value: -827.3847474225977 and parameters: {'lr_actor': 0.0002732608934697482, 'lr_critic': 0.0004944304977112315, 'gamma': 0.9534002166358742, 'tau': 0.028771085517506442, 'batch_size': 32}. Best is trial 0 with value: -827.3847474225977.
Success.
Success.
[I 2026-08-07 15:41:04,149] Trial 1 finished with value: -826.8358426449574 and parameters: {'lr_actor': 1.4458671612396412e-05, 'lr_critic': 0.001959738372051884, 'gamma': 0.9779190931647999, 'tau': 0.024525047836944147, 'batch_size': 64}. Best is trial 1 with value: -826.8358426449574.
Success.
Success.
[I 2026-08-07 15:41:08,667] Trial 2 finished with value: -828.060286381795 and parameters: {'lr_actor': 6.206481113262523e-05, 'lr_critic': 0.0010880264493737751, 'gamma': 0.9500221049742765, 'tau': 0.026242011077952616, 'batch_size': 64}. Best is trial 1 with value: -826.8358426449574.
Success.
Success.
[I 2026-08-07 15:41:12,805] Trial 3 finished with value: -826.8560097067686 and parameters: {'lr_actor': 0.0006696492077378193, 'lr_critic': 0.005108177908134224, 'gamma': 0.9775516273326299, 'tau': 0.042154993343363464, 'batch_size': 128}. Best is trial 1 with value: -826.8358426449574.
Success.
Success.
[I 2026-08-07 15:41:17,124] Trial 4 finished with value: -826.6361643367309 and parameters: {'lr_actor': 1.0026572275145847e-05, 'lr_critic': 0.0021764209592979524, 'gamma': 0.9767132021586544, 'tau': 0.027187084415748058, 'batch_size': 64}. Best is trial 4 with value: -826.6361643367309.
Success.
Success.
Success.
Success.
Success.
Success.
 Retrying in 1 seconds
 Retrying in 1 seconds
 Retrying in 1 seconds
 Retrying in 1 seconds
 Retrying in 1 seconds
 Retrying in 1 seconds
 Retrying in 1 seconds
 Retrying in 1 seconds
 Retrying in 1 seconds
 Retrying in 1 seconds
Best Params found: {'lr_actor': 1.0026572275145847e-05, 'lr_critic': 0.0021764209592979524, 'gamma': 0.9767132021586544, 'tau': 0.027187084415748058, 'batch_size': 64}
Training final model with best params: {'lr_actor': 1.0026572275145847e-05, 'lr_critic': 0.0021764209592979524, 'gamma': 0.9767132021586544, 'tau': 0.027187084415748058, 'batch_size': 64}
Starting Episode 1/5...
 Retrying in 1 seconds
Episode 1 | Reward: -943.88
Metrics -> AoI: 198.027, CBR: 0.007, PDR: 84.770
Starting Episode 2/5...
 Retrying in 1 seconds
Episode 2 | Reward: -2189.54
Metrics -> AoI: 248.138, CBR: 0.013, PDR: 84.940
Starting Episode 3/5...
 Retrying in 1 seconds
Episode 3 | Reward: -1566.29
Metrics -> AoI: 289.694, CBR: 0.010, PDR: 78.850
Starting Episode 4/5...
 Retrying in 1 seconds
Episode 4 | Reward: -2161.30
Metrics -> AoI: 288.848, CBR: 0.013, PDR: 79.700
Starting Episode 5/5...
 Retrying in 1 seconds
Episode 5 | Reward: -841.64
Metrics -> AoI: 291.206, CBR: 0.010, PDR: 81.930
Running final evaluation...
 Retrying in 1 seconds
Training finished, model saved to ddpg_model.pth
Final Evaluation Metrics:
AoI: 549.7900
CBR: 0.0043
PDR: 98.7800
