[I 2026-08-07 15:40:53,478] A new study created in memory with name: no-name-e28546d6-2faf-4ade-bd2b-3c2190fae0c5
Success.
Success.
[I 2026-08-07 15:41:02,009] Trial 0 finished with value: -827.5804290948488 and parameters: {'lr': 0.00011542229018226446, 'gamma': 0.926534962914782, 'batch_size': 32}. Best is trial 0 with value: -827.5804290948488.
Success.
Success.
[I 2026-08-07 15:41:08,598] Trial 1 finished with value: -822.1396512217352 and parameters: {'lr': 0.0025276577686612505, 'gamma': 0.9565941363630293, 'batch_size': 64}. Best is trial 1 with value: -822.1396512217352.
Success.
Success.
[I 2026-08-07 15:41:14,804] Trial 2 finished with value: -827.1306343978667 and parameters: {'lr': 2.4260930750791267e-05, 'gamma': 0.9137589868212838, 'batch_size': 64}. Best is trial 1 with value: -822.1396512217352.
Success.
Success.
[I 2026-08-07 15:41:21,032] Trial 3 finished with value: -823.6461742718304 and parameters: {'lr': 0.0033042144398992257, 'gamma': 0.9148393463387423, 'batch_size': 64}. Best is trial 1 with value: -822.1396512217352.
Success.
Success.
[I 2026-08-07 15:41:27,169] Trial 4 finished with value: -825.9955996386525 and parameters: {'lr': 0.002612630598952276, 'gamma': 0.902965325439243, 'batch_size': 128}. Best is trial 1 with value: -822.1396512217352.
Success.
Success.
Success.
Success.
Success.
Success.
 Retrying in 1 seconds
 Retrying in 1 seconds
 Retrying in 1 seconds
 Retrying in 1 seconds
 Retrying in 1 seconds
 Retrying in 1 seconds
 Retrying in 1 seconds
 Retrying in 1 seconds
 Retrying in 1 seconds
 Retrying in 1 seconds
Best Params found: {'lr': 0.0025276577686612505, 'gamma': 0.9565941363630293, 'batch_size': 64}
Training final model with best params: {'lr': 0.0025276577686612505, 'gamma': 0.9565941363630293, 'batch_size': 64}
Starting Episode 1/5...
 Retrying in 1 seconds
Episode 1 | Reward: -943.06
Metrics -> AoI: 265.309, CBR: 0.007, PDR: 85.580
Starting Episode 2/5...
 Retrying in 1 seconds
Episode 2 | Reward: -2203.05
Metrics -> AoI: 242.833, CBR: 0.011, PDR: 89.580
Starting Episode 3/5...
 Retrying in 1 seconds
Episode 3 | Reward: -1578.66
Metrics -> AoI: 361.019, CBR: 0.008, PDR: 67.260
Starting Episode 4/5...
 Retrying in 1 seconds
Episode 4 | Reward: -2190.71
Metrics -> AoI: 382.027, CBR: 0.010, PDR: 83.630
Starting Episode 5/5...
 Retrying in 1 seconds
Episode 5 | Reward: -847.47
Metrics -> AoI: 790.278, CBR: 0.009, PDR: 63.070
Running final evaluation...
 Retrying in 1 seconds
Training finished, model saved to dt_model.pth
Final Evaluation Metrics:
AoI: 2994.1020
CBR: 0.0082
PDR: 57.6000
