[I 2026-08-07 15:37:31,031] A new study created in memory with name: no-name-d7b48449-d92e-4202-81df-5071f663b72e
Success.
Success.
[I 2026-08-07 15:37:38,370] Trial 0 finished with value: -783.1032962520494 and parameters: {'lr': 0.002173636257628008, 'gamma': 0.9631344280646491, 'eps_clip': 0.1667862815135353, 'k_epochs': 4, 'batch_size': 32}. Best is trial 0 with value: -783.1032962520494.
Success.
Success.
[I 2026-08-07 15:37:43,896] Trial 1 finished with value: -781.8417173632472 and parameters: {'lr': 0.0026742291805368222, 'gamma': 0.9059859133068265, 'eps_clip': 0.2603927872675059, 'k_epochs': 9, 'batch_size': 64}. Best is trial 1 with value: -781.8417173632472.
Success.
Success.
[I 2026-08-07 15:37:49,080] Trial 2 finished with value: -783.5635481252476 and parameters: {'lr': 0.0015636784494416126, 'gamma': 0.9481669496113738, 'eps_clip': 0.19235791629597648, 'k_epochs': 2, 'batch_size': 128}. Best is trial 1 with value: -781.8417173632472.
Success.
Success.
[I 2026-08-07 15:37:53,926] Trial 3 finished with value: -784.6278056832064 and parameters: {'lr': 0.00035186919519380355, 'gamma': 0.955161056394175, 'eps_clip': 0.20639334253598174, 'k_epochs': 3, 'batch_size': 64}. Best is trial 1 with value: -781.8417173632472.
Success.
Success.
[I 2026-08-07 15:37:58,764] Trial 4 finished with value: -783.7753673103304 and parameters: {'lr': 0.0008906589446611104, 'gamma': 0.9391408690113766, 'eps_clip': 0.14740717090535255, 'k_epochs': 7, 'batch_size': 64}. Best is trial 1 with value: -781.8417173632472.
Success.
Success.
Success.
Success.
Success.
Success.
 Retrying in 1 seconds
 Retrying in 1 seconds
 Retrying in 1 seconds
 Retrying in 1 seconds
 Retrying in 1 seconds
 Retrying in 1 seconds
 Retrying in 1 seconds
 Retrying in 1 seconds
 Retrying in 1 seconds
 Retrying in 1 seconds
Best params: {'lr': 0.0026742291805368222, 'gamma': 0.9059859133068265, 'eps_clip': 0.2603927872675059, 'k_epochs': 9, 'batch_size': 64}
 Retrying in 1 seconds
Episode 1 | Reward: -1543.13 | Loss (A/C): -0.0141/0.1528
Metrics -> AoI: 735.120, CBR: 0.010, PDR: 80.090
 Retrying in 1 seconds
Episode 2 | Reward: -1475.02 | Loss (A/C): -0.0046/0.1073
Metrics -> AoI: 252.225, CBR: 0.011, PDR: 85.470
 Retrying in 1 seconds
Episode 3 | Reward: -1255.72 | Loss (A/C): -0.0007/0.0920
Metrics -> AoI: 308.256, CBR: 0.008, PDR: 86.110
 Retrying in 1 seconds
Episode 4 | Reward: -378.12 | Loss (A/C): -0.0096/0.0885
Metrics -> AoI: 0.000, CBR: 0.006, PDR: 100.000
 Retrying in 1 seconds
Episode 5 | Reward: -570.97 | Loss (A/C): -0.0076/0.0818
Metrics -> AoI: 196.897, CBR: 0.009, PDR: 89.980
Model saved.
 Retrying in 1 seconds
EVAL -> PDR: 96.610, CBR: 0.022, AoI: 297.699
