[I 2026-08-07 15:36:43,944] A new study created in memory with name: no-name-74d477c4-de3b-491a-ab88-348157713414
Success.
Success.
[I 2026-08-07 15:36:51,001] Trial 0 finished with value: -785.4142545147034 and parameters: {'lr': 0.0007269100482478248, 'gamma': 0.9425825869520938, 'eps_clip': 0.21142085022259394, 'k_epochs': 2, 'batch_size': 32}. Best is trial 0 with value: -785.4142545147034.
Success.
Success.
[I 2026-08-07 15:36:55,816] Trial 1 finished with value: -783.2023804210833 and parameters: {'lr': 0.00037678542872977117, 'gamma': 0.9446846649502699, 'eps_clip': 0.2014535210600262, 'k_epochs': 4, 'batch_size': 64}. Best is trial 1 with value: -783.2023804210833.
Success.
Success.
[I 2026-08-07 15:37:00,541] Trial 2 finished with value: -783.9098887089997 and parameters: {'lr': 0.00026328166752859813, 'gamma': 0.9083957398582486, 'eps_clip': 0.21590495896744305, 'k_epochs': 10, 'batch_size': 128}. Best is trial 1 with value: -783.2023804210833.
Success.
Success.
[I 2026-08-07 15:37:05,243] Trial 3 finished with value: -784.6675847810573 and parameters: {'lr': 0.0015258458803789345, 'gamma': 0.9703607563192774, 'eps_clip': 0.15014487134634402, 'k_epochs': 2, 'batch_size': 64}. Best is trial 1 with value: -783.2023804210833.
Success.
Success.
[I 2026-08-07 15:37:10,133] Trial 4 finished with value: -784.6174269253747 and parameters: {'lr': 0.00012202956493875145, 'gamma': 0.9267773502963382, 'eps_clip': 0.20577746644980205, 'k_epochs': 6, 'batch_size': 64}. Best is trial 1 with value: -783.2023804210833.
Success.
Success.
Success.
Success.
Success.
Success.
 Retrying in 1 seconds
 Retrying in 1 seconds
 Retrying in 1 seconds
 Retrying in 1 seconds
 Retrying in 1 seconds
 Retrying in 1 seconds
 Retrying in 1 seconds
 Retrying in 1 seconds
 Retrying in 1 seconds
 Retrying in 1 seconds
Best params: {'lr': 0.00037678542872977117, 'gamma': 0.9446846649502699, 'eps_clip': 0.2014535210600262, 'k_epochs': 4, 'batch_size': 64}
 Retrying in 1 seconds
Episode 1 | Reward: -1542.89 | Loss (A/C): -0.0051/0.3382
Metrics -> AoI: 363.976, CBR: 0.010, PDR: 80.420
 Retrying in 1 seconds
Episode 2 | Reward: -1478.87 | Loss (A/C): -0.0020/0.3335
Metrics -> AoI: 271.548, CBR: 0.011, PDR: 84.460
 Retrying in 1 seconds
Episode 3 | Reward: -1261.68 | Loss (A/C): -0.0007/0.3356
Metrics -> AoI: 332.918, CBR: 0.007, PDR: 82.680
 Retrying in 1 seconds
Episode 4 | Reward: -379.68 | Loss (A/C): -0.0008/0.3363
Metrics -> AoI: 0.000, CBR: 0.005, PDR: 100.000
 Retrying in 1 seconds
Episode 5 | Reward: -573.31 | Loss (A/C): -0.0010/0.3276
Metrics -> AoI: 229.296, CBR: 0.008, PDR: 86.430
Model saved.
 Retrying in 1 seconds
EVAL -> PDR: 88.010, CBR: 0.022, AoI: 246.263
